MPASM  5.51                       DENEY-7.ASM   12-11-2018  9:10:53         PAGE  1


LOC  OBJECT CODE     LINE SOURCE TEXT
  VALUE

                      00001         LIST P=16F877A
                      00002         #INCLUDE <P16F877A.INC>
                      00001         LIST
                      00002 
                      00003 ;==========================================================================
                      00004 ;  MPASM PIC16F877A processor include
                      00005 ; 
                      00006 ;  (c) Copyright 1999-2013 Microchip Technology, All rights reserved
                      00007 ;==========================================================================
                      00008 
                      00566         LIST
2007   3F31           00003         __CONFIG H'3F31'
Warning[207]: Found label after column 1. (SAYICI1)
  00000020            00004         SAYICI1 EQU 0X20
Warning[207]: Found label after column 1. (SAYICI2)
  00000021            00005         SAYICI2 EQU 0X21
0000                  00006         ORG 0X00
0000   2801           00007         GOTO ANA_METOT
                      00008 
0001                  00009 ANA_METOT
0001   1683 1303      00010         BANKSEL TRISB
Message[302]: Register in operand not in bank 0.  Ensure that bank bits are correct.
0003   0186           00011         CLRF TRISB
0004   30FF           00012         MOVLW 0XFF
Message[302]: Register in operand not in bank 0.  Ensure that bank bits are correct.
0005   0087           00013         MOVWF TRISC
Message[302]: Register in operand not in bank 0.  Ensure that bank bits are correct.
0006   0188           00014         CLRF TRISD
0007   1283 1303      00015         BANKSEL PORTB
0009   0186           00016         CLRF PORTB
000A   30FF           00017         MOVLW 0XFF
000B   0087           00018         MOVWF PORTC
000C   0188           00019         CLRF PORTD
                      00020 
000D   1683 1303      00021         BANKSEL SPBRG
000F   3019           00022         MOVLW D'25'
Message[302]: Register in operand not in bank 0.  Ensure that bank bits are correct.
0010   0099           00023         MOVWF SPBRG
0011   1683 1303      00024         BANKSEL SPBRG
                      00025 
0013   1683 1303      00026         BANKSEL TXSTA
0015   3004           00027         MOVLW B'00000100'
Message[302]: Register in operand not in bank 0.  Ensure that bank bits are correct.
0016   0098           00028         MOVWF TXSTA
0017   1683 1303      00029         BANKSEL TXSTA
                      00030 
0019   1283 1303      00031         BANKSEL RCSTA
001B   3090           00032         MOVLW B'10010000'
001C   0098           00033         MOVWF RCSTA
001D   1283 1303      00034         BANKSEL RCSTA
                      00035 
001F   1506           00036         BSF PORTB,2
0020   1186           00037         BCF PORTB,3
MPASM  5.51                       DENEY-7.ASM   12-11-2018  9:10:53         PAGE  2


LOC  OBJECT CODE     LINE SOURCE TEXT
  VALUE

                      00038         
0021   1286           00039         BCF PORTB,5
                      00040 
0022   2029           00041         CALL LCD_AYARLAR
0023   2035           00042         CALL LCD_KARAKTERLER
0024                  00043 KONTROL
0024   1E8C           00044         BTFSS PIR1,RCIF
0025   2824           00045         GOTO KONTROL
                      00046 
0026   081A           00047         MOVF RCREG,W
0027   2043           00048         CALL LCD_KARAKTER
0028   2824           00049         GOTO KONTROL
                      00050 
0029                  00051 LCD_AYARLAR
0029   3002           00052         MOVLW H'02'     
002A   203D           00053         CALL LCD_KOMUT
                      00054 
002B   300E           00055         MOVLW H'0E'
002C   203D           00056         CALL LCD_KOMUT
                      00057 
002D   3038           00058         MOVLW H'38'
002E   203D           00059         CALL LCD_KOMUT
                      00060         
002F   0008           00061         RETURN
                      00062 
0030                  00063 TEMIZLE
0030   3001           00064         MOVLW H'01'
0031   203D           00065         CALL LCD_KOMUT
                      00066 
0032   2049           00067         CALL GECIKME
                      00068 
                      00069 ;       CALL LCD_AYARLAR
0033   2035           00070         CALL LCD_KARAKTERLER
0034   0008           00071         RETURN
                      00072 
0035                  00073 LCD_KARAKTERLER
0035   3053           00074         MOVLW A'S'
0036   2043           00075         CALL LCD_KARAKTER
                      00076 
0037   304F           00077         MOVLW A'O'      
0038   2043           00078         CALL LCD_KARAKTER
                      00079 
0039   3053           00080         MOVLW A'S'
003A   2043           00081         CALL LCD_KARAKTER
                      00082 
003B   2030           00083         CALL TEMIZLE
                      00084 
003C   0008           00085         RETURN
                      00086 
003D                  00087 LCD_KOMUT
003D   0088           00088         MOVWF PORTD
003E   1206           00089         BCF PORTB,4
003F   1706           00090         BSF PORTB,6
MPASM  5.51                       DENEY-7.ASM   12-11-2018  9:10:53         PAGE  3


LOC  OBJECT CODE     LINE SOURCE TEXT
  VALUE

0040   2049           00091         CALL GECIKME
0041   1306           00092         BCF PORTB,6
0042   0008           00093         RETURN
                      00094 
0043                  00095 LCD_KARAKTER
0043   0088           00096         MOVWF PORTD
0044   1606           00097         BSF PORTB,4
0045   1706           00098         BSF PORTB,6
0046   2049           00099         CALL GECIKME
0047   1306           00100         BCF PORTB,6
0048   0008           00101         RETURN
                      00102 
0049                  00103 GECIKME
0049   303C           00104         MOVLW D'60'
004A   00A0           00105         MOVWF SAYICI1
                      00106 
004B                  00107 TEKRAR1
004B   3082           00108         MOVLW D'130'
004C   00A1           00109         MOVWF SAYICI2
                      00110 
004D                  00111 TEKRAR2
004D   0BA1           00112         DECFSZ SAYICI2,F
004E   284D           00113         GOTO TEKRAR2
004F   0BA0           00114         DECFSZ SAYICI1,F
0050   284B           00115         GOTO TEKRAR1
0051   0008           00116         RETURN
                      00117 
Warning[205]: Found directive in column 1. (END)
                      00118 END
MPASM  5.51                       DENEY-7.ASM   12-11-2018  9:10:53         PAGE  4


SYMBOL TABLE
  LABEL                             VALUE 

ACKDT                             00000005
ACKEN                             00000004
ACKSTAT                           00000006
ADCON0                            0000001F
ADCON1                            0000009F
ADCS0                             00000006
ADCS1                             00000007
ADCS2                             00000006
ADDEN                             00000003
ADFM                              00000007
ADIE                              00000006
ADIF                              00000006
ADON                              00000000
ADRESH                            0000001E
ADRESL                            0000009E
ANA_METOT                         00000001
BCLIE                             00000003
BCLIF                             00000003
BF                                00000000
BRGH                              00000002
C                                 00000000
C1INV                             00000004
C1OUT                             00000006
C2INV                             00000005
C2OUT                             00000007
CCP1CON                           00000017
CCP1IE                            00000002
CCP1IF                            00000002
CCP1M0                            00000000
CCP1M1                            00000001
CCP1M2                            00000002
CCP1M3                            00000003
CCP1X                             00000005
CCP1Y                             00000004
CCP2CON                           0000001D
CCP2IE                            00000000
CCP2IF                            00000000
CCP2M0                            00000000
CCP2M1                            00000001
CCP2M2                            00000002
CCP2M3                            00000003
CCP2X                             00000005
CCP2Y                             00000004
CCPR1                             00000015
CCPR1H                            00000016
CCPR1L                            00000015
CCPR2                             0000001B
CCPR2H                            0000001C
CCPR2L                            0000001B
CHS0                              00000003
CHS1                              00000004
CHS2                              00000005
CIS                               00000003
MPASM  5.51                       DENEY-7.ASM   12-11-2018  9:10:53         PAGE  5


SYMBOL TABLE
  LABEL                             VALUE 

CKE                               00000006
CKP                               00000004
CM0                               00000000
CM1                               00000001
CM2                               00000002
CMCON                             0000009C
CMIE                              00000006
CMIF                              00000006
CREN                              00000004
CSRC                              00000007
CVR0                              00000000
CVR1                              00000001
CVR2                              00000002
CVR3                              00000003
CVRCON                            0000009D
CVREN                             00000007
CVROE                             00000006
CVRR                              00000005
D                                 00000005
DATA_ADDRESS                      00000005
DC                                00000001
D_A                               00000005
D_NOT_A                           00000005
EEADR                             0000010D
EEADRH                            0000010F
EECON1                            0000018C
EECON2                            0000018D
EEDATA                            0000010C
EEDATH                            0000010E
EEIE                              00000004
EEIF                              00000004
EEPGD                             00000007
F                                 00000001
FERR                              00000002
FSR                               00000004
GCEN                              00000007
GECIKME                           00000049
GIE                               00000007
GO                                00000002
GO_DONE                           00000002
GO_NOT_DONE                       00000002
I2C_DATA                          00000005
I2C_READ                          00000002
I2C_START                         00000003
I2C_STOP                          00000004
IBF                               00000007
IBOV                              00000005
INDF                              00000000
INTCON                            0000000B
INTE                              00000004
INTEDG                            00000006
INTF                              00000001
IRP                               00000007
MPASM  5.51                       DENEY-7.ASM   12-11-2018  9:10:53         PAGE  6


SYMBOL TABLE
  LABEL                             VALUE 

KONTROL                           00000024
LCD_AYARLAR                       00000029
LCD_KARAKTER                      00000043
LCD_KARAKTERLER                   00000035
LCD_KOMUT                         0000003D
NOT_A                             00000005
NOT_ADDRESS                       00000005
NOT_BO                            00000000
NOT_BOR                           00000000
NOT_DONE                          00000002
NOT_PD                            00000003
NOT_POR                           00000001
NOT_RBPU                          00000007
NOT_RC8                           00000006
NOT_T1SYNC                        00000002
NOT_TO                            00000004
NOT_TX8                           00000006
NOT_W                             00000002
NOT_WRITE                         00000002
OBF                               00000006
OERR                              00000001
OPTION_REG                        00000081
P                                 00000004
PCFG0                             00000000
PCFG1                             00000001
PCFG2                             00000002
PCFG3                             00000003
PCL                               00000002
PCLATH                            0000000A
PCON                              0000008E
PEIE                              00000006
PEN                               00000002
PIE1                              0000008C
PIE2                              0000008D
PIR1                              0000000C
PIR2                              0000000D
PORTA                             00000005
PORTB                             00000006
PORTC                             00000007
PORTD                             00000008
PORTE                             00000009
PR2                               00000092
PS0                               00000000
PS1                               00000001
PS2                               00000002
PSA                               00000003
PSPIE                             00000007
PSPIF                             00000007
PSPMODE                           00000004
R                                 00000002
RA0                               00000000
RA1                               00000001
RA2                               00000002
MPASM  5.51                       DENEY-7.ASM   12-11-2018  9:10:53         PAGE  7


SYMBOL TABLE
  LABEL                             VALUE 

RA3                               00000003
RA4                               00000004
RA5                               00000005
RB0                               00000000
RB1                               00000001
RB2                               00000002
RB3                               00000003
RB4                               00000004
RB5                               00000005
RB6                               00000006
RB7                               00000007
RBIE                              00000003
RBIF                              00000000
RC0                               00000000
RC1                               00000001
RC2                               00000002
RC3                               00000003
RC4                               00000004
RC5                               00000005
RC6                               00000006
RC7                               00000007
RC8_9                             00000006
RC9                               00000006
RCD8                              00000000
RCEN                              00000003
RCIE                              00000005
RCIF                              00000005
RCREG                             0000001A
RCSTA                             00000018
RD                                00000000
RD0                               00000000
RD1                               00000001
RD2                               00000002
RD3                               00000003
RD4                               00000004
RD5                               00000005
RD6                               00000006
RD7                               00000007
RE0                               00000000
RE1                               00000001
RE2                               00000002
READ_WRITE                        00000002
RP0                               00000005
RP1                               00000006
RSEN                              00000001
RX9                               00000006
RX9D                              00000000
R_NOT_W                           00000002
R_W                               00000002
S                                 00000003
SAYICI1                           00000020
SAYICI2                           00000021
SEN                               00000000
MPASM  5.51                       DENEY-7.ASM   12-11-2018  9:10:53         PAGE  8


SYMBOL TABLE
  LABEL                             VALUE 

SMP                               00000007
SPBRG                             00000099
SPEN                              00000007
SREN                              00000005
SSPADD                            00000093
SSPBUF                            00000013
SSPCON                            00000014
SSPCON2                           00000091
SSPEN                             00000005
SSPIE                             00000003
SSPIF                             00000003
SSPM0                             00000000
SSPM1                             00000001
SSPM2                             00000002
SSPM3                             00000003
SSPOV                             00000006
SSPSTAT                           00000094
STATUS                            00000003
SYNC                              00000004
T0CS                              00000005
T0IE                              00000005
T0IF                              00000002
T0SE                              00000004
T1CKPS0                           00000004
T1CKPS1                           00000005
T1CON                             00000010
T1INSYNC                          00000002
T1OSCEN                           00000003
T1SYNC                            00000002
T2CKPS0                           00000000
T2CKPS1                           00000001
T2CON                             00000012
TEKRAR1                           0000004B
TEKRAR2                           0000004D
TEMIZLE                           00000030
TMR0                              00000001
TMR0IE                            00000005
TMR0IF                            00000002
TMR1                              0000000E
TMR1CS                            00000001
TMR1H                             0000000F
TMR1IE                            00000000
TMR1IF                            00000000
TMR1L                             0000000E
TMR1ON                            00000000
TMR2                              00000011
TMR2IE                            00000001
TMR2IF                            00000001
TMR2ON                            00000002
TOUTPS0                           00000003
TOUTPS1                           00000004
TOUTPS2                           00000005
TOUTPS3                           00000006
MPASM  5.51                       DENEY-7.ASM   12-11-2018  9:10:53         PAGE  9


SYMBOL TABLE
  LABEL                             VALUE 

TRISA                             00000085
TRISA0                            00000000
TRISA1                            00000001
TRISA2                            00000002
TRISA3                            00000003
TRISA4                            00000004
TRISA5                            00000005
TRISB                             00000086
TRISB0                            00000000
TRISB1                            00000001
TRISB2                            00000002
TRISB3                            00000003
TRISB4                            00000004
TRISB5                            00000005
TRISB6                            00000006
TRISB7                            00000007
TRISC                             00000087
TRISC0                            00000000
TRISC1                            00000001
TRISC2                            00000002
TRISC3                            00000003
TRISC4                            00000004
TRISC5                            00000005
TRISC6                            00000006
TRISC7                            00000007
TRISD                             00000088
TRISD0                            00000000
TRISD1                            00000001
TRISD2                            00000002
TRISD3                            00000003
TRISD4                            00000004
TRISD5                            00000005
TRISD6                            00000006
TRISD7                            00000007
TRISE                             00000089
TRISE0                            00000000
TRISE1                            00000001
TRISE2                            00000002
TRMT                              00000001
TX8_9                             00000006
TX9                               00000006
TX9D                              00000000
TXD8                              00000000
TXEN                              00000005
TXIE                              00000004
TXIF                              00000004
TXREG                             00000019
TXSTA                             00000098
UA                                00000001
W                                 00000000
WCOL                              00000007
WR                                00000001
WREN                              00000002
MPASM  5.51                       DENEY-7.ASM   12-11-2018  9:10:53         PAGE 10


SYMBOL TABLE
  LABEL                             VALUE 

WRERR                             00000003
Z                                 00000002
_BODEN_OFF                        00003FBF
_BODEN_ON                         00003FFF
_BOREN_OFF                        00003FBF
_BOREN_ON                         00003FFF
_CONFIG                           00002007
_CPD_OFF                          00003FFF
_CPD_ON                           00003EFF
_CP_ALL                           00001FFF
_CP_OFF                           00003FFF
_CP_ON                            00001FFF
_DEBUG_OFF                        00003FFF
_DEBUG_ON                         000037FF
_DEVID1                           00002006
_FOSC_EXTRC                       00003FFF
_FOSC_HS                          00003FFE
_FOSC_LP                          00003FFC
_FOSC_XT                          00003FFD
_HS_OSC                           00003FFE
_IDLOC0                           00002000
_IDLOC1                           00002001
_IDLOC2                           00002002
_IDLOC3                           00002003
_LP_OSC                           00003FFC
_LVP_OFF                          00003F7F
_LVP_ON                           00003FFF
_PWRTE_OFF                        00003FFF
_PWRTE_ON                         00003FF7
_RC_OSC                           00003FFF
_WDTE_OFF                         00003FFB
_WDTE_ON                          00003FFF
_WDT_OFF                          00003FFB
_WDT_ON                           00003FFF
_WRT_1FOURTH                      00003BFF
_WRT_256                          00003DFF
_WRT_HALF                         000039FF
_WRT_OFF                          00003FFF
_XT_OSC                           00003FFD
__16F877A                         00000001
__DEBUG                           1
MPASM  5.51                       DENEY-7.ASM   12-11-2018  9:10:53         PAGE 11


MEMORY USAGE MAP ('X' = Used,  '-' = Unused)


0000 : XXXXXXXXXXXXXXXX XXXXXXXXXXXXXXXX XXXXXXXXXXXXXXXX XXXXXXXXXXXXXXXX
0040 : XXXXXXXXXXXXXXXX XX-------------- ---------------- ----------------
2000 : -------X-------- ---------------- ---------------- ----------------

All other memory blocks unused.

Program Memory Words Used:    82
Program Memory Words Free:  8110


Errors   :     0
Warnings :     3 reported,     0 suppressed
Messages :     5 reported,     0 suppressed

